[2019-11-20 12:42:27.816] [exthost] [info] extension host started
[2019-11-20 12:42:27.851] [exthost] [info] ExtensionService#_doActivateExtension vscode.debug-auto-launch {"startup":true,"extensionId":{"value":"vscode.debug-auto-launch","_lower":"vscode.debug-auto-launch"},"activationEvent":"*"}
[2019-11-20 12:42:27.852] [exthost] [info] ExtensionService#loadCommonJSModule file:///private/var/folders/88/63ztgpg15qv9ds_j2z0prq4h0000gn/T/AppTranslocation/DFFE2AF5-2B5D-4275-B47F-D90DC25A55C4/d/Visual Studio Code.app/Contents/Resources/app/extensions/debug-auto-launch/dist/extension
[2019-11-20 12:42:27.856] [exthost] [info] ExtensionService#_doActivateExtension vscode.emmet {"startup":true,"extensionId":{"value":"vscode.emmet","_lower":"vscode.emmet"},"activationEvent":"*"}
[2019-11-20 12:42:27.856] [exthost] [info] ExtensionService#loadCommonJSModule file:///private/var/folders/88/63ztgpg15qv9ds_j2z0prq4h0000gn/T/AppTranslocation/DFFE2AF5-2B5D-4275-B47F-D90DC25A55C4/d/Visual Studio Code.app/Contents/Resources/app/extensions/emmet/dist/extension
[2019-11-20 12:42:27.888] [exthost] [info] ExtensionService#_doActivateExtension vscode.git {"startup":true,"extensionId":{"value":"vscode.git","_lower":"vscode.git"},"activationEvent":"*"}
[2019-11-20 12:42:27.888] [exthost] [info] ExtensionService#loadCommonJSModule file:///private/var/folders/88/63ztgpg15qv9ds_j2z0prq4h0000gn/T/AppTranslocation/DFFE2AF5-2B5D-4275-B47F-D90DC25A55C4/d/Visual Studio Code.app/Contents/Resources/app/extensions/git/dist/main
[2019-11-20 12:42:27.947] [exthost] [info] ExtensionService#_doActivateExtension vscode.merge-conflict {"startup":true,"extensionId":{"value":"vscode.merge-conflict","_lower":"vscode.merge-conflict"},"activationEvent":"*"}
[2019-11-20 12:42:27.947] [exthost] [info] ExtensionService#loadCommonJSModule file:///private/var/folders/88/63ztgpg15qv9ds_j2z0prq4h0000gn/T/AppTranslocation/DFFE2AF5-2B5D-4275-B47F-D90DC25A55C4/d/Visual Studio Code.app/Contents/Resources/app/extensions/merge-conflict/dist/extension
[2019-11-20 12:42:27.951] [exthost] [info] ExtensionService#_doActivateExtension CoenraadS.bracket-pair-colorizer {"startup":true,"extensionId":{"value":"CoenraadS.bracket-pair-colorizer","_lower":"coenraads.bracket-pair-colorizer"},"activationEvent":"*"}
[2019-11-20 12:42:27.951] [exthost] [info] ExtensionService#loadCommonJSModule file:///Users/erickson/.vscode/extensions/coenraads.bracket-pair-colorizer-1.0.61/out/src/extension
[2019-11-20 12:42:27.971] [exthost] [info] ExtensionService#_doActivateExtension EditorConfig.EditorConfig {"startup":true,"extensionId":{"value":"EditorConfig.EditorConfig","_lower":"editorconfig.editorconfig"},"activationEvent":"*"}
[2019-11-20 12:42:27.971] [exthost] [info] ExtensionService#loadCommonJSModule file:///Users/erickson/.vscode/extensions/editorconfig.editorconfig-0.14.2/out/editorConfigMain.js
[2019-11-20 12:42:27.993] [exthost] [info] ExtensionService#_doActivateExtension HookyQR.beautify {"startup":true,"extensionId":{"value":"HookyQR.beautify","_lower":"hookyqr.beautify"},"activationEvent":"*"}
[2019-11-20 12:42:27.993] [exthost] [info] ExtensionService#loadCommonJSModule file:///Users/erickson/.vscode/extensions/hookyqr.beautify-1.5.0/extension
[2019-11-20 12:42:28.046] [exthost] [info] ExtensionService#_doActivateExtension naumovs.color-highlight {"startup":true,"extensionId":{"value":"naumovs.color-highlight","_lower":"naumovs.color-highlight"},"activationEvent":"*"}
[2019-11-20 12:42:28.046] [exthost] [info] ExtensionService#loadCommonJSModule file:///Users/erickson/.vscode/extensions/naumovs.color-highlight-2.3.0/dist/extension
[2019-11-20 12:42:28.066] [exthost] [info] ExtensionService#_doActivateExtension PKief.material-icon-theme {"startup":true,"extensionId":{"value":"PKief.material-icon-theme","_lower":"pkief.material-icon-theme"},"activationEvent":"*"}
[2019-11-20 12:42:28.066] [exthost] [info] ExtensionService#loadCommonJSModule file:///Users/erickson/.vscode/extensions/pkief.material-icon-theme-3.9.1/dist/extension
[2019-11-20 12:42:28.081] [exthost] [info] eager extensions activated
[2019-11-20 12:42:38.155] [exthost] [info] extension host started
[2019-11-20 12:42:38.172] [exthost] [info] ExtensionService#_doActivateExtension vscode.debug-auto-launch {"startup":true,"extensionId":{"value":"vscode.debug-auto-launch","_lower":"vscode.debug-auto-launch"},"activationEvent":"*"}
[2019-11-20 12:42:38.172] [exthost] [info] ExtensionService#loadCommonJSModule file:///private/var/folders/88/63ztgpg15qv9ds_j2z0prq4h0000gn/T/AppTranslocation/DFFE2AF5-2B5D-4275-B47F-D90DC25A55C4/d/Visual Studio Code.app/Contents/Resources/app/extensions/debug-auto-launch/dist/extension
[2019-11-20 12:42:38.174] [exthost] [info] ExtensionService#_doActivateExtension vscode.emmet {"startup":true,"extensionId":{"value":"vscode.emmet","_lower":"vscode.emmet"},"activationEvent":"*"}
[2019-11-20 12:42:38.174] [exthost] [info] ExtensionService#loadCommonJSModule file:///private/var/folders/88/63ztgpg15qv9ds_j2z0prq4h0000gn/T/AppTranslocation/DFFE2AF5-2B5D-4275-B47F-D90DC25A55C4/d/Visual Studio Code.app/Contents/Resources/app/extensions/emmet/dist/extension
[2019-11-20 12:42:38.202] [exthost] [info] ExtensionService#_doActivateExtension vscode.git {"startup":true,"extensionId":{"value":"vscode.git","_lower":"vscode.git"},"activationEvent":"*"}
[2019-11-20 12:42:38.202] [exthost] [info] ExtensionService#loadCommonJSModule file:///private/var/folders/88/63ztgpg15qv9ds_j2z0prq4h0000gn/T/AppTranslocation/DFFE2AF5-2B5D-4275-B47F-D90DC25A55C4/d/Visual Studio Code.app/Contents/Resources/app/extensions/git/dist/main
[2019-11-20 12:42:38.215] [exthost] [info] ExtensionService#_doActivateExtension vscode.merge-conflict {"startup":true,"extensionId":{"value":"vscode.merge-conflict","_lower":"vscode.merge-conflict"},"activationEvent":"*"}
[2019-11-20 12:42:38.216] [exthost] [info] ExtensionService#loadCommonJSModule file:///private/var/folders/88/63ztgpg15qv9ds_j2z0prq4h0000gn/T/AppTranslocation/DFFE2AF5-2B5D-4275-B47F-D90DC25A55C4/d/Visual Studio Code.app/Contents/Resources/app/extensions/merge-conflict/dist/extension
[2019-11-20 12:42:38.217] [exthost] [info] ExtensionService#_doActivateExtension CoenraadS.bracket-pair-colorizer {"startup":true,"extensionId":{"value":"CoenraadS.bracket-pair-colorizer","_lower":"coenraads.bracket-pair-colorizer"},"activationEvent":"*"}
[2019-11-20 12:42:38.217] [exthost] [info] ExtensionService#loadCommonJSModule file:///Users/erickson/.vscode/extensions/coenraads.bracket-pair-colorizer-1.0.61/out/src/extension
[2019-11-20 12:42:38.230] [exthost] [info] ExtensionService#_doActivateExtension EditorConfig.EditorConfig {"startup":true,"extensionId":{"value":"EditorConfig.EditorConfig","_lower":"editorconfig.editorconfig"},"activationEvent":"*"}
[2019-11-20 12:42:38.230] [exthost] [info] ExtensionService#loadCommonJSModule file:///Users/erickson/.vscode/extensions/editorconfig.editorconfig-0.14.2/out/editorConfigMain.js
[2019-11-20 12:42:38.244] [exthost] [info] ExtensionService#_doActivateExtension HookyQR.beautify {"startup":true,"extensionId":{"value":"HookyQR.beautify","_lower":"hookyqr.beautify"},"activationEvent":"*"}
[2019-11-20 12:42:38.244] [exthost] [info] ExtensionService#loadCommonJSModule file:///Users/erickson/.vscode/extensions/hookyqr.beautify-1.5.0/extension
[2019-11-20 12:42:38.279] [exthost] [info] ExtensionService#_doActivateExtension naumovs.color-highlight {"startup":true,"extensionId":{"value":"naumovs.color-highlight","_lower":"naumovs.color-highlight"},"activationEvent":"*"}
[2019-11-20 12:42:38.279] [exthost] [info] ExtensionService#loadCommonJSModule file:///Users/erickson/.vscode/extensions/naumovs.color-highlight-2.3.0/dist/extension
[2019-11-20 12:42:38.301] [exthost] [info] ExtensionService#_doActivateExtension PKief.material-icon-theme {"startup":true,"extensionId":{"value":"PKief.material-icon-theme","_lower":"pkief.material-icon-theme"},"activationEvent":"*"}
[2019-11-20 12:42:38.301] [exthost] [info] ExtensionService#loadCommonJSModule file:///Users/erickson/.vscode/extensions/pkief.material-icon-theme-3.9.1/dist/extension
[2019-11-20 12:42:38.325] [exthost] [info] ExtensionService#_doActivateExtension vscode.npm {"startup":true,"extensionId":{"value":"vscode.npm","_lower":"vscode.npm"},"activationEvent":"workspaceContains:package.json"}
[2019-11-20 12:42:38.325] [exthost] [info] ExtensionService#loadCommonJSModule file:///private/var/folders/88/63ztgpg15qv9ds_j2z0prq4h0000gn/T/AppTranslocation/DFFE2AF5-2B5D-4275-B47F-D90DC25A55C4/d/Visual Studio Code.app/Contents/Resources/app/extensions/npm/dist/main
[2019-11-20 12:42:38.375] [exthost] [info] eager extensions activated
