#
# There is insufficient memory for the Java Runtime Environment to continue.
# Native memory allocation (malloc) failed to allocate 1020496 bytes for Chunk::new
# Possible reasons:
#   The system is out of physical RAM or swap space
#   The process is running with CompressedOops enabled, and the Java Heap may be blocking the growth of the native heap
# Possible solutions:
#   Reduce memory load on the system
#   Increase physical memory or swap space
#   Check if swap backing store is full
#   Decrease Java heap size (-Xmx/-Xms)
#   Decrease number of Java threads
#   Decrease Java thread stack sizes (-Xss)
#   Set larger code cache with -XX:ReservedCodeCacheSize=
#   JVM is running with Unscaled Compressed Oops mode in which the Java heap is
#     placed in the first 4GB address space. The Java Heap base address is the
#     maximum limit for the native heap growth. Please use -XX:HeapBaseMinAddress
#     to set the Java Heap base and to place the Java Heap above 4GB virtual address.
# This output file may be truncated or incomplete.
#
#  Out of Memory Error (allocation.cpp:389), pid=13204, tid=0x00000000000030f4
#
# JRE version: OpenJDK Runtime Environment (8.0_202-b03) (build 1.8.0_202-release-1483-b03)
# Java VM: OpenJDK 64-Bit Server VM (25.202-b03 mixed mode windows-amd64 compressed oops)
# Failed to write core dump. Minidumps are not enabled by default on client versions of Windows
#

---------------  T H R E A D  ---------------

Current thread (0x0000000015a05800):  JavaThread "C2 CompilerThread1" daemon [_thread_in_native, id=12532, stack(0x0000000017190000,0x0000000017290000)]

Stack: [0x0000000017190000,0x0000000017290000]
[error occurred during error reporting (printing stack bounds), id 0xc0000005]

Native frames: (J=compiled Java code, j=interpreted, Vv=VM code, C=native code)


Current CompileTask:
C2:   6717 4163       4       com.sun.beans.TypeResolver::resolve (37 bytes)


---------------  P R O C E S S  ---------------

Java Threads: ( => current thread )
  0x000000001bc42800 JavaThread "Cache worker for Build Output Cleanup Cache (C:\Users\erick\OneDrive\Bureau\react-native\AppHachibid\android\.gradle\buildOutputCleanup)" [_thread_blocked, id=17856, stack(0x0000000020d10000,0x0000000020e10000)]
  0x000000001bc47000 JavaThread "Build operations Thread 12" [_thread_blocked, id=4720, stack(0x0000000020610000,0x0000000020710000)]
  0x000000001bc48000 JavaThread "Build operations Thread 11" [_thread_blocked, id=13384, stack(0x0000000020510000,0x0000000020610000)]
  0x000000001bc3e000 JavaThread "Build operations Thread 10" [_thread_blocked, id=3944, stack(0x0000000020410000,0x0000000020510000)]
  0x000000001bc43800 JavaThread "Build operations Thread 9" [_thread_blocked, id=12000, stack(0x0000000020310000,0x0000000020410000)]
  0x000000001bc41000 JavaThread "Build operations Thread 8" [_thread_blocked, id=16392, stack(0x0000000020210000,0x0000000020310000)]
  0x000000001bc40800 JavaThread "Build operations Thread 7" [_thread_blocked, id=15008, stack(0x0000000020110000,0x0000000020210000)]
  0x000000001bc44000 JavaThread "Build operations Thread 6" [_thread_blocked, id=12840, stack(0x0000000020010000,0x0000000020110000)]
  0x000000001bc3d800 JavaThread "Build operations Thread 5" [_thread_blocked, id=18160, stack(0x000000001ff10000,0x0000000020010000)]
  0x000000001bc3a800 JavaThread "Build operations Thread 4" [_thread_blocked, id=17288, stack(0x000000001fe10000,0x000000001ff10000)]
  0x000000001bc3b000 JavaThread "Build operations Thread 3" [_thread_blocked, id=10884, stack(0x000000001fd10000,0x000000001fe10000)]
  0x000000001bc3f800 JavaThread "Build operations Thread 2" [_thread_blocked, id=3932, stack(0x000000001fc10000,0x000000001fd10000)]
  0x000000001bc3f000 JavaThread "Build operations" [_thread_blocked, id=15748, stack(0x000000001fb10000,0x000000001fc10000)]
  0x000000001bc3c000 JavaThread "Cache worker for execution history cache (C:\Users\erick\.gradle\caches\5.5\executionHistory)" [_thread_blocked, id=14976, stack(0x000000001f810000,0x000000001f910000)]
  0x000000001bc3c800 JavaThread "Cache worker for cache directory md-rule (C:\Users\erick\.gradle\caches\5.5\md-rule)" [_thread_blocked, id=17340, stack(0x000000001f710000,0x000000001f810000)]
  0x0000000018d51000 JavaThread "Cache worker for cache directory md-supplier (C:\Users\erick\.gradle\caches\5.5\md-supplier)" [_thread_blocked, id=16836, stack(0x000000001f610000,0x000000001f710000)]
  0x0000000018d54000 JavaThread "Cache worker for file hash cache (C:\Users\erick\OneDrive\Bureau\react-native\AppHachibid\android\.gradle\5.5\fileHashes)" [_thread_blocked, id=16744, stack(0x000000001c8b0000,0x000000001c9b0000)]
  0x0000000018d4e800 JavaThread "Cache worker for journal cache (C:\Users\erick\.gradle\caches\journal-1)" [_thread_blocked, id=13032, stack(0x000000001b5e0000,0x000000001b6e0000)]
  0x0000000018d4e000 JavaThread "File lock request listener" [_thread_in_native, id=16736, stack(0x000000001b4e0000,0x000000001b5e0000)]
  0x0000000018d65800 JavaThread "Cache worker for file hash cache (C:\Users\erick\.gradle\caches\5.5\fileHashes)" [_thread_blocked, id=4216, stack(0x000000001b1e0000,0x000000001b2e0000)]
  0x0000000018cdb000 JavaThread "Thread-9" [_thread_blocked, id=4000, stack(0x000000001a110000,0x000000001a210000)]
  0x0000000018cda800 JavaThread "Stdin handler" [_thread_blocked, id=18252, stack(0x000000001a010000,0x000000001a110000)]
  0x0000000018cde800 JavaThread "Asynchronous log dispatcher for DefaultDaemonConnection: socket connection from /127.0.0.1:64929 to /127.0.0.1:64930" [_thread_blocked, id=4140, stack(0x0000000019f10000,0x000000001a010000)]
  0x000000001890e800 JavaThread "Daemon worker" [_thread_in_vm, id=17056, stack(0x0000000019e10000,0x0000000019f10000)]
  0x000000001890b000 JavaThread "Cancel handler" [_thread_blocked, id=17944, stack(0x0000000019c10000,0x0000000019d10000)]
  0x00000000188e5000 JavaThread "Handler for socket connection from /127.0.0.1:64929 to /127.0.0.1:64930" [_thread_in_native, id=8196, stack(0x0000000019910000,0x0000000019a10000)]
  0x00000000188e4800 JavaThread "Daemon" [_thread_blocked, id=17512, stack(0x0000000019810000,0x0000000019910000)]
  0x0000000018843000 JavaThread "Daemon periodic checks" [_thread_blocked, id=14756, stack(0x0000000019710000,0x0000000019810000)]
  0x000000001884b800 JavaThread "Incoming local TCP Connector on port 64929" [_thread_in_native, id=3928, stack(0x00000000194a0000,0x00000000195a0000)]
  0x000000001861b800 JavaThread "Daemon health stats" [_thread_blocked, id=9936, stack(0x0000000018e60000,0x0000000018f60000)]
  0x0000000015a92000 JavaThread "Service Thread" daemon [_thread_blocked, id=15260, stack(0x0000000017490000,0x0000000017590000)]
  0x0000000015a15800 JavaThread "C1 CompilerThread3" daemon [_thread_in_native, id=2984, stack(0x0000000017390000,0x0000000017490000)]
  0x0000000015a0c000 JavaThread "C2 CompilerThread2" daemon [_thread_in_native, id=8880, stack(0x0000000017290000,0x0000000017390000)]
=>0x0000000015a05800 JavaThread "C2 CompilerThread1" daemon [_thread_in_native, id=12532, stack(0x0000000017190000,0x0000000017290000)]
  0x0000000015a01000 JavaThread "C2 CompilerThread0" daemon [_thread_in_native, id=2088, stack(0x0000000017090000,0x0000000017190000)]
  0x00000000159fe800 JavaThread "Attach Listener" daemon [_thread_blocked, id=13580, stack(0x0000000016f90000,0x0000000017090000)]
  0x0000000015a08000 JavaThread "Signal Dispatcher" daemon [_thread_blocked, id=17228, stack(0x0000000016e90000,0x0000000016f90000)]
  0x000000001432d000 JavaThread "Finalizer" daemon [_thread_blocked, id=2396, stack(0x0000000016c70000,0x0000000016d70000)]
  0x00000000159f3000 JavaThread "Reference Handler" daemon [_thread_blocked, id=14380, stack(0x0000000016b70000,0x0000000016c70000)]
  0x000000000263e000 JavaThread "main" [_thread_blocked, id=17964, stack(0x00000000026c0000,0x00000000027c0000)]

Other Threads:
  0x0000000014326800 VMThread [stack: 0x0000000016a70000,0x0000000016b70000] [id=12612]
  0x0000000015a39800 WatcherThread [stack: 0x0000000017590000,0x0000000017690000] [id=5588]

VM state:not at safepoint (normal execution)

VM Mutex/Monitor currently owned by a thread:  ([mutex/lock_event])
[0x000000000263cdc0] Patching_lock - owner thread: 0x0000000000000000
[0x00000000027c13d0] Compile_lock - owner thread: 0x0000000000000000

heap address: 0x00000000e0000000, size: 512 MB, Compressed Oops mode: 32-bit
Narrow klass base: 0x0000000000000000, Narrow klass shift: 3
Compressed class space size: 1073741824 Address: 0x0000000100000000

Heap:
 PSYoungGen      total 159744K, used 52696K [0x00000000f5580000, 0x0000000100000000, 0x0000000100000000)
  eden space 145408K, 26% used [0x00000000f5580000,0x00000000f7afc9c0,0x00000000fe380000)
  from space 14336K, 99% used [0x00000000fe380000,0x00000000ff179900,0x00000000ff180000)
  to   space 14848K, 0% used [0x00000000ff180000,0x00000000ff180000,0x0000000100000000)
 ParOldGen       total 175104K, used 19689K [0x00000000e0000000, 0x00000000eab00000, 0x00000000f5580000)
  object space 175104K, 11% used [0x00000000e0000000,0x00000000e133a508,0x00000000eab00000)
 Metaspace       used 47301K, capacity 48972K, committed 49200K, reserved 1091584K
  class space    used 6405K, capacity 6880K, committed 6960K, reserved 1048576K

Card table byte_map: [0x0000000011c80000,0x0000000011d90000] byte_map_base: 0x0000000011580000

Marking Bits: (ParMarkBitMap*) 0x0000000064ce9f30
 Begin Bits: [0x0000000012840000, 0x0000000013040000)
 End Bits:   [0x0000000013040000, 0x0000000013840000)

Polling page: 0x00000000007e0000

CodeCache: size=245760Kb used=13437Kb max_used=14349Kb free=232322Kb
 bounds [0x00000000028c0000, 0x00000000036d0000, 0x00000000118c0000]
 total_blobs=4666 nmethods=3888 adapters=691
 compilation: enabled

Compilation events (10 events):
Event: 6.702 Thread 0x0000000015a15800 nmethod 4284 0x0000000002eff9d0 code [0x0000000002effea0, 0x0000000002f02868]
Event: 6.702 Thread 0x0000000015a15800 4277       3       com.google.common.collect.CompactHashMap::accessEntry (1 bytes)
Event: 6.702 Thread 0x0000000015a15800 nmethod 4277 0x0000000002b8efd0 code [0x0000000002b8f120, 0x0000000002b8f270]
Event: 6.702 Thread 0x0000000015a15800 4278       3       com.google.common.collect.CompactHashMap$Itr::hasNext (13 bytes)
Event: 6.702 Thread 0x0000000015a15800 nmethod 4278 0x0000000002baba50 code [0x0000000002babba0, 0x0000000002babd50]
Event: 6.705 Thread 0x0000000015a15800 4286       3       java.beans.Introspector::processPropertyDescriptors (959 bytes)
Event: 6.706 Thread 0x0000000015a01000 nmethod 4262 0x00000000029c3b50 code [0x00000000029c3ca0, 0x00000000029c4118]
Event: 6.706 Thread 0x0000000015a01000 4235       4       groovy.lang.MetaClassImpl::isGenericGetMethod (44 bytes)
Event: 6.711 Thread 0x0000000015a15800 nmethod 4286 0x0000000002e70c50 code [0x0000000002e71960, 0x0000000002e7c9d8]
Event: 6.711 Thread 0x0000000015a15800 4288       3       java.beans.Introspector::getTargetEventInfo (1082 bytes)

GC Heap History (10 events):
Event: 4.608 GC heap before
{Heap before GC invocations=5 (full 1):
 PSYoungGen      total 76288K, used 65536K [0x00000000f5580000, 0x00000000fea80000, 0x0000000100000000)
  eden space 65536K, 100% used [0x00000000f5580000,0x00000000f9580000,0x00000000f9580000)
  from space 10752K, 0% used [0x00000000f9580000,0x00000000f9580000,0x00000000fa000000)
  to   space 10752K, 0% used [0x00000000fe000000,0x00000000fe000000,0x00000000fea80000)
 ParOldGen       total 175104K, used 11027K [0x00000000e0000000, 0x00000000eab00000, 0x00000000f5580000)
  object space 175104K, 6% used [0x00000000e0000000,0x00000000e0ac4db0,0x00000000eab00000)
 Metaspace       used 27958K, capacity 28622K, committed 28848K, reserved 1075200K
  class space    used 3726K, capacity 3938K, committed 4016K, reserved 1048576K
Event: 4.614 GC heap after
Heap after GC invocations=5 (full 1):
 PSYoungGen      total 105984K, used 8478K [0x00000000f5580000, 0x00000000fe880000, 0x0000000100000000)
  eden space 97280K, 0% used [0x00000000f5580000,0x00000000f5580000,0x00000000fb480000)
  from space 8704K, 97% used [0x00000000fe000000,0x00000000fe847a58,0x00000000fe880000)
  to   space 10752K, 0% used [0x00000000fd380000,0x00000000fd380000,0x00000000fde00000)
 ParOldGen       total 175104K, used 11035K [0x00000000e0000000, 0x00000000eab00000, 0x00000000f5580000)
  object space 175104K, 6% used [0x00000000e0000000,0x00000000e0ac6db0,0x00000000eab00000)
 Metaspace       used 27958K, capacity 28622K, committed 28848K, reserved 1075200K
  class space    used 3726K, capacity 3938K, committed 4016K, reserved 1048576K
}
Event: 5.169 GC heap before
{Heap before GC invocations=6 (full 1):
 PSYoungGen      total 105984K, used 105758K [0x00000000f5580000, 0x00000000fe880000, 0x0000000100000000)
  eden space 97280K, 100% used [0x00000000f5580000,0x00000000fb480000,0x00000000fb480000)
  from space 8704K, 97% used [0x00000000fe000000,0x00000000fe847a58,0x00000000fe880000)
  to   space 10752K, 0% used [0x00000000fd380000,0x00000000fd380000,0x00000000fde00000)
 ParOldGen       total 175104K, used 11035K [0x00000000e0000000, 0x00000000eab00000, 0x00000000f5580000)
  object space 175104K, 6% used [0x00000000e0000000,0x00000000e0ac6db0,0x00000000eab00000)
 Metaspace       used 33153K, capacity 33930K, committed 34096K, reserved 1079296K
  class space    used 4573K, capacity 4851K, committed 4912K, reserved 1048576K
Event: 5.179 GC heap after
Heap after GC invocations=6 (full 1):
 PSYoungGen      total 139776K, used 10740K [0x00000000f5580000, 0x0000000100000000, 0x0000000100000000)
  eden space 129024K, 0% used [0x00000000f5580000,0x00000000f5580000,0x00000000fd380000)
  from space 10752K, 99% used [0x00000000fd380000,0x00000000fddfd168,0x00000000fde00000)
  to   space 14848K, 0% used [0x00000000ff180000,0x00000000ff180000,0x0000000100000000)
 ParOldGen       total 175104K, used 13534K [0x00000000e0000000, 0x00000000eab00000, 0x00000000f5580000)
  object space 175104K, 7% used [0x00000000e0000000,0x00000000e0d37860,0x00000000eab00000)
 Metaspace       used 33153K, capacity 33930K, committed 34096K, reserved 1079296K
  class space    used 4573K, capacity 4851K, committed 4912K, reserved 1048576K
}
Event: 5.355 GC heap before
{Heap before GC invocations=7 (full 1):
 PSYoungGen      total 139776K, used 31052K [0x00000000f5580000, 0x0000000100000000, 0x0000000100000000)
  eden space 129024K, 15% used [0x00000000f5580000,0x00000000f6956280,0x00000000fd380000)
  from space 10752K, 99% used [0x00000000fd380000,0x00000000fddfd168,0x00000000fde00000)
  to   space 14848K, 0% used [0x00000000ff180000,0x00000000ff180000,0x0000000100000000)
 ParOldGen       total 175104K, used 13534K [0x00000000e0000000, 0x00000000eab00000, 0x00000000f5580000)
  object space 175104K, 7% used [0x00000000e0000000,0x00000000e0d37860,0x00000000eab00000)
 Metaspace       used 34475K, capacity 35386K, committed 35496K, reserved 1079296K
  class space    used 4744K, capacity 5023K, committed 5040K, reserved 1048576K
Event: 5.362 GC heap after
Heap after GC invocations=7 (full 1):
 PSYoungGen      total 160256K, used 9961K [0x00000000f5580000, 0x0000000100000000, 0x0000000100000000)
  eden space 145408K, 0% used [0x00000000f5580000,0x00000000f5580000,0x00000000fe380000)
  from space 14848K, 67% used [0x00000000ff180000,0x00000000ffb3a478,0x0000000100000000)
  to   space 14336K, 0% used [0x00000000fe380000,0x00000000fe380000,0x00000000ff180000)
 ParOldGen       total 175104K, used 13542K [0x00000000e0000000, 0x00000000eab00000, 0x00000000f5580000)
  object space 175104K, 7% used [0x00000000e0000000,0x00000000e0d39860,0x00000000eab00000)
 Metaspace       used 34475K, capacity 35386K, committed 35496K, reserved 1079296K
  class space    used 4744K, capacity 5023K, committed 5040K, reserved 1048576K
}
Event: 5.362 GC heap before
{Heap before GC invocations=8 (full 2):
 PSYoungGen      total 160256K, used 9961K [0x00000000f5580000, 0x0000000100000000, 0x0000000100000000)
  eden space 145408K, 0% used [0x00000000f5580000,0x00000000f5580000,0x00000000fe380000)
  from space 14848K, 67% used [0x00000000ff180000,0x00000000ffb3a478,0x0000000100000000)
  to   space 14336K, 0% used [0x00000000fe380000,0x00000000fe380000,0x00000000ff180000)
 ParOldGen       total 175104K, used 13542K [0x00000000e0000000, 0x00000000eab00000, 0x00000000f5580000)
  object space 175104K, 7% used [0x00000000e0000000,0x00000000e0d39860,0x00000000eab00000)
 Metaspace       used 34475K, capacity 35386K, committed 35496K, reserved 1079296K
  class space    used 4744K, capacity 5023K, committed 5040K, reserved 1048576K
Event: 5.400 GC heap after
Heap after GC invocations=8 (full 2):
 PSYoungGen      total 160256K, used 0K [0x00000000f5580000, 0x0000000100000000, 0x0000000100000000)
  eden space 145408K, 0% used [0x00000000f5580000,0x00000000f5580000,0x00000000fe380000)
  from space 14848K, 0% used [0x00000000ff180000,0x00000000ff180000,0x0000000100000000)
  to   space 14336K, 0% used [0x00000000fe380000,0x00000000fe380000,0x00000000ff180000)
 ParOldGen       total 175104K, used 17180K [0x00000000e0000000, 0x00000000eab00000, 0x00000000f5580000)
  object space 175104K, 9% used [0x00000000e0000000,0x00000000e10c72a0,0x00000000eab00000)
 Metaspace       used 34475K, capacity 35386K, committed 35496K, reserved 1079296K
  class space    used 4744K, capacity 5023K, committed 5040K, reserved 1048576K
}
Event: 6.518 GC heap before
{Heap before GC invocations=9 (full 2):
 PSYoungGen      total 160256K, used 145408K [0x00000000f5580000, 0x0000000100000000, 0x0000000100000000)
  eden space 145408K, 100% used [0x00000000f5580000,0x00000000fe380000,0x00000000fe380000)
  from space 14848K, 0% used [0x00000000ff180000,0x00000000ff180000,0x0000000100000000)
  to   space 14336K, 0% used [0x00000000fe380000,0x00000000fe380000,0x00000000ff180000)
 ParOldGen       total 175104K, used 17180K [0x00000000e0000000, 0x00000000eab00000, 0x00000000f5580000)
  object space 175104K, 9% used [0x00000000e0000000,0x00000000e10c72a0,0x00000000eab00000)
 Metaspace       used 46067K, capacity 47690K, committed 47920K, reserved 1091584K
  class space    used 6232K, capacity 6696K, committed 6704K, reserved 1048576K
Event: 6.530 GC heap after
Heap after GC invocations=9 (full 2):
 PSYoungGen      total 159744K, used 14310K [0x00000000f5580000, 0x0000000100000000, 0x0000000100000000)
  eden space 145408K, 0% used [0x00000000f5580000,0x00000000f5580000,0x00000000fe380000)
  from space 14336K, 99% used [0x00000000fe380000,0x00000000ff179900,0x00000000ff180000)
  to   space 14848K, 0% used [0x00000000ff180000,0x00000000ff180000,0x0000000100000000)
 ParOldGen       total 175104K, used 19689K [0x00000000e0000000, 0x00000000eab00000, 0x00000000f5580000)
  object space 175104K, 11% used [0x00000000e0000000,0x00000000e133a508,0x00000000eab00000)
 Metaspace       used 46067K, capacity 47690K, committed 47920K, reserved 1091584K
  class space    used 6232K, capacity 6696K, committed 6704K, reserved 1048576K
}

Deoptimization events (10 events):
Event: 6.564 Thread 0x000000001890e800 Uncommon trap: reason=bimorphic action=maybe_recompile pc=0x000000000357ab10 method=java.util.Hashtable.get(Ljava/lang/Object;)Ljava/lang/Object; @ 6
Event: 6.564 Thread 0x000000001890e800 Uncommon trap: reason=bimorphic action=maybe_recompile pc=0x000000000357ab10 method=java.util.Hashtable.get(Ljava/lang/Object;)Ljava/lang/Object; @ 6
Event: 6.564 Thread 0x000000001890e800 Uncommon trap: reason=bimorphic action=maybe_recompile pc=0x000000000357ab10 method=java.util.Hashtable.get(Ljava/lang/Object;)Ljava/lang/Object; @ 6
Event: 6.564 Thread 0x000000001890e800 Uncommon trap: reason=bimorphic action=maybe_recompile pc=0x000000000357ab10 method=java.util.Hashtable.get(Ljava/lang/Object;)Ljava/lang/Object; @ 6
Event: 6.573 Thread 0x000000001890e800 Uncommon trap: reason=unstable_if action=reinterpret pc=0x0000000002a8941c method=java.lang.String.replace(CC)Ljava/lang/String; @ 2
Event: 6.575 Thread 0x000000001890e800 Uncommon trap: reason=unstable_if action=reinterpret pc=0x000000000323e77c method=groovy.lang.MetaClassImpl.checkIfStdMethod(Lgroovy/lang/MetaMethod;)V @ 55
Event: 6.576 Thread 0x000000001890e800 Uncommon trap: reason=unstable_if action=reinterpret pc=0x00000000036be944 method=org.codehaus.groovy.runtime.metaclass.MetaMethodIndex.copyNonPrivateNonNewMetaMethods(Lorg/codehaus/groovy/runtime/metaclass/MetaMethodIndex$Entry;Lorg/codehaus/groovy/runti
Event: 6.576 Thread 0x000000001890e800 Uncommon trap: reason=unstable_if action=reinterpret pc=0x0000000003357abc method=groovy.lang.MetaClassImpl$1MOPIter.methodNameAction(Ljava/lang/Class;Lorg/codehaus/groovy/runtime/metaclass/MetaMethodIndex$Entry;)V @ 182
Event: 6.686 Thread 0x000000001890e800 Uncommon trap: reason=unstable_if action=reinterpret pc=0x00000000034f0be4 method=jdk.internal.org.objectweb.asm.Item.isEqualTo(Ljdk/internal/org/objectweb/asm/Item;)Z @ 331
Event: 6.699 Thread 0x000000001890e800 Uncommon trap: reason=unstable_if action=reinterpret pc=0x000000000314f824 method=org.codehaus.groovy.runtime.metaclass.MetaMethodIndex.addMethodToList(Ljava/lang/Object;Lgroovy/lang/MetaMethod;)Ljava/lang/Object; @ 256

Classes redefined (0 events):
No events

Internal exceptions (10 events):
Event: 6.703 Thread 0x000000001890e800 Exception <a 'java/lang/ClassNotFoundException': org/gradle/api/internal/AbstractTaskCustomizer> (0x00000000f7155768) thrown at [D:\src\AOSP-openjdk-cygwin\jdk8u\hotspot\src\share\vm\classfile\systemDictionary.cpp, line 210]
Event: 6.704 Thread 0x000000001890e800 Exception <a 'java/lang/ClassNotFoundException': org/gradle/api/DefaultTaskCustomizer> (0x00000000f71de078) thrown at [D:\src\AOSP-openjdk-cygwin\jdk8u\hotspot\src\share\vm\classfile\systemDictionary.cpp, line 210]
Event: 6.705 Thread 0x000000001890e800 Exception <a 'java/lang/ClassNotFoundException': org/gradle/api/internal/ConventionTaskCustomizer> (0x00000000f721ca88) thrown at [D:\src\AOSP-openjdk-cygwin\jdk8u\hotspot\src\share\vm\classfile\systemDictionary.cpp, line 210]
Event: 6.705 Thread 0x000000001890e800 Exception <a 'java/lang/ClassNotFoundException': org/gradle/api/tasks/AbstractCopyTaskCustomizer> (0x00000000f725e200) thrown at [D:\src\AOSP-openjdk-cygwin\jdk8u\hotspot\src\share\vm\classfile\systemDictionary.cpp, line 210]
Event: 6.707 Thread 0x000000001890e800 Exception <a 'java/lang/ClassNotFoundException': org/gradle/api/tasks/CopyCustomizer> (0x00000000f7313818) thrown at [D:\src\AOSP-openjdk-cygwin\jdk8u\hotspot\src\share\vm\classfile\systemDictionary.cpp, line 210]
Event: 6.708 Thread 0x000000001890e800 Exception <a 'java/lang/ClassNotFoundException': org/gradle/api/tasks/Copy_DecoratedCustomizer> (0x00000000f735cf08) thrown at [D:\src\AOSP-openjdk-cygwin\jdk8u\hotspot\src\share\vm\classfile\systemDictionary.cpp, line 210]
Event: 6.713 Thread 0x000000001890e800 Exception <a 'java/lang/ClassNotFoundException': org/gradle/api/internal/artifacts/configurations/DefaultConfigurationContainer_DecoratedBeanInfo> (0x00000000f7662660) thrown at [D:\src\AOSP-openjdk-cygwin\jdk8u\hotspot\src\share\vm\classfile\systemDictio
Event: 6.714 Thread 0x000000001890e800 Exception <a 'java/lang/ClassNotFoundException': org/gradle/api/internal/artifacts/configurations/DefaultConfigurationContainerBeanInfo> (0x00000000f76c0cb8) thrown at [D:\src\AOSP-openjdk-cygwin\jdk8u\hotspot\src\share\vm\classfile\systemDictionary.cpp, 
Event: 6.714 Thread 0x000000001890e800 Exception <a 'java/lang/ClassNotFoundException': org/gradle/api/internal/AbstractValidatingNamedDomainObjectContainerBeanInfo> (0x00000000f7702498) thrown at [D:\src\AOSP-openjdk-cygwin\jdk8u\hotspot\src\share\vm\classfile\systemDictionary.cpp, line 210]
Event: 6.715 Thread 0x000000001890e800 Exception <a 'java/lang/ClassNotFoundException': org/gradle/api/internal/AbstractValidatingNamedDomainObjectContainerCustomizer> (0x00000000f7744980) thrown at [D:\src\AOSP-openjdk-cygwin\jdk8u\hotspot\src\share\vm\classfile\systemDictionary.cpp, line 210

Events (10 events):
Event: 6.715 loading class org/gradle/api/internal/AbstractValidatingNamedDomainObjectContainerCustomizer
Event: 6.715 loading class org/gradle/api/internal/AbstractValidatingNamedDomainObjectContainerCustomizer done
Event: 6.715 loading class org/gradle/api/internal/artifacts/configurations/DefaultConfigurationContainerCustomizer
Event: 6.715 loading class org/gradle/api/internal/artifacts/configurations/DefaultConfigurationContainerCustomizer done
Event: 6.715 loading class org/gradle/api/internal/artifacts/configurations/DefaultConfigurationContainerCustomizer
Event: 6.715 loading class org/gradle/api/internal/artifacts/configurations/DefaultConfigurationContainerCustomizer done
Event: 6.715 loading class org/gradle/api/internal/artifacts/configurations/DefaultConfigurationContainerCustomizer
Event: 6.715 loading class org/gradle/api/internal/artifacts/configurations/DefaultConfigurationContainerCustomizer done
Event: 6.715 loading class org/gradle/api/internal/artifacts/configurations/DefaultConfigurationContainerCustomizer
Event: 6.715 loading class org/gradle/api/internal/artifacts/configurations/DefaultConfigurationContainerCustomizer done


Dynamic libraries:
0x00007ff62d560000 - 0x00007ff62d591000 	C:\Program Files\Android\Android Studio\jre\bin\java.exe
0x00007ffe7b080000 - 0x00007ffe7b261000 	C:\windows\SYSTEM32\ntdll.dll
0x00007ffe7a9f0000 - 0x00007ffe7aaa1000 	C:\windows\System32\KERNEL32.DLL
0x00007ffe775c0000 - 0x00007ffe77833000 	C:\windows\System32\KERNELBASE.dll
0x00007ffe78cc0000 - 0x00007ffe78d61000 	C:\windows\System32\ADVAPI32.dll
0x00007ffe7a950000 - 0x00007ffe7a9ee000 	C:\windows\System32\msvcrt.dll
0x00007ffe7aff0000 - 0x00007ffe7b04b000 	C:\windows\System32\sechost.dll
0x00007ffe78990000 - 0x00007ffe78ab4000 	C:\windows\System32\RPCRT4.dll
0x00007ffe78ef0000 - 0x00007ffe79080000 	C:\windows\System32\USER32.dll
0x00007ffe77440000 - 0x00007ffe77460000 	C:\windows\System32\win32u.dll
0x00007ffe79290000 - 0x00007ffe792b8000 	C:\windows\System32\GDI32.dll
0x00007ffe78360000 - 0x00007ffe784f1000 	C:\windows\System32\gdi32full.dll
0x00007ffe77840000 - 0x00007ffe778df000 	C:\windows\System32\msvcp_win.dll
0x00007ffe774c0000 - 0x00007ffe775b8000 	C:\windows\System32\ucrtbase.dll
0x00007ffe66120000 - 0x00007ffe66389000 	C:\windows\WinSxS\amd64_microsoft.windows.common-controls_6595b64144ccf1df_6.0.17134.1006_none_d3fbb8f77c940c3f\COMCTL32.dll
0x00007ffe78560000 - 0x00007ffe78881000 	C:\windows\System32\combase.dll
0x00007ffe78230000 - 0x00007ffe782a9000 	C:\windows\System32\bcryptPrimitives.dll
0x00007ffe7af10000 - 0x00007ffe7af3d000 	C:\windows\System32\IMM32.DLL
0x0000000064440000 - 0x0000000064512000 	C:\Program Files\Android\Android Studio\jre\jre\bin\msvcr100.dll
0x0000000064520000 - 0x0000000064d66000 	C:\Program Files\Android\Android Studio\jre\jre\bin\server\jvm.dll
0x00007ffe7a850000 - 0x00007ffe7a858000 	C:\windows\System32\PSAPI.DLL
0x00007ffe732a0000 - 0x00007ffe732c3000 	C:\windows\SYSTEM32\WINMM.dll
0x00007ffe74fe0000 - 0x00007ffe74fe9000 	C:\windows\SYSTEM32\WSOCK32.dll
0x00007ffe717c0000 - 0x00007ffe717ca000 	C:\windows\SYSTEM32\VERSION.dll
0x00007ffe7a7e0000 - 0x00007ffe7a84c000 	C:\windows\System32\WS2_32.dll
0x00007ffe73270000 - 0x00007ffe7329a000 	C:\windows\SYSTEM32\WINMMBASE.dll
0x00007ffe778e0000 - 0x00007ffe77929000 	C:\windows\System32\cfgmgr32.dll
0x00007ffe73230000 - 0x00007ffe7323f000 	C:\Program Files\Android\Android Studio\jre\jre\bin\verify.dll
0x00007ffe6bb40000 - 0x00007ffe6bb69000 	C:\Program Files\Android\Android Studio\jre\jre\bin\java.dll
0x00007ffe633b0000 - 0x00007ffe633c6000 	C:\Program Files\Android\Android Studio\jre\jre\bin\zip.dll
0x00007ffe79390000 - 0x00007ffe7a7d2000 	C:\windows\System32\SHELL32.dll
0x00007ffe7af40000 - 0x00007ffe7afe9000 	C:\windows\System32\shcore.dll
0x00007ffe77b20000 - 0x00007ffe7822e000 	C:\windows\System32\windows.storage.dll
0x00007ffe78500000 - 0x00007ffe78551000 	C:\windows\System32\shlwapi.dll
0x00007ffe77410000 - 0x00007ffe77421000 	C:\windows\System32\kernel.appcore.dll
0x00007ffe773a0000 - 0x00007ffe773bf000 	C:\windows\System32\profapi.dll
0x00007ffe773c0000 - 0x00007ffe7740c000 	C:\windows\System32\powrprof.dll
0x00007ffe77430000 - 0x00007ffe7743a000 	C:\windows\System32\FLTLIB.DLL
0x00007ffe5f850000 - 0x00007ffe5f86a000 	C:\Program Files\Android\Android Studio\jre\jre\bin\net.dll
0x00007ffe76c00000 - 0x00007ffe76c66000 	C:\windows\system32\mswsock.dll
0x00007ffe5f1c0000 - 0x00007ffe5f1d1000 	C:\Program Files\Android\Android Studio\jre\jre\bin\nio.dll
0x00007ffe59aa0000 - 0x00007ffe59ac6000 	C:\Users\erick\.gradle\native\29\windows-amd64\native-platform.dll
0x00007ffe72d30000 - 0x00007ffe72d3d000 	C:\Program Files\Android\Android Studio\jre\jre\bin\management.dll
0x00007ffe76db0000 - 0x00007ffe76dc7000 	C:\windows\SYSTEM32\CRYPTSP.dll
0x00007ffe767b0000 - 0x00007ffe767e3000 	C:\windows\system32\rsaenh.dll
0x00007ffe76ee0000 - 0x00007ffe76f05000 	C:\windows\SYSTEM32\bcrypt.dll
0x00007ffe772b0000 - 0x00007ffe772d8000 	C:\windows\SYSTEM32\USERENV.dll
0x00007ffe76dd0000 - 0x00007ffe76ddb000 	C:\windows\SYSTEM32\CRYPTBASE.dll
0x00007ffe76950000 - 0x00007ffe76988000 	C:\windows\SYSTEM32\IPHLPAPI.DLL
0x00007ffe7aab0000 - 0x00007ffe7aab8000 	C:\windows\System32\NSI.dll
0x00007ffe71c40000 - 0x00007ffe71c56000 	C:\windows\SYSTEM32\dhcpcsvc6.DLL
0x00007ffe71cd0000 - 0x00007ffe71cea000 	C:\windows\SYSTEM32\dhcpcsvc.DLL

VM Arguments:
jvm_args: -XX:MaxMetaspaceSize=256m -XX:+HeapDumpOnOutOfMemoryError -Xms256m -Xmx512m -Dfile.encoding=windows-1252 -Duser.country=FR -Duser.language=fr -Duser.variant 
java_command: org.gradle.launcher.daemon.bootstrap.GradleDaemon 5.5
java_class_path (initial): C:\Users\erick\.gradle\wrapper\dists\gradle-5.5-all\byeise1led9a3w3p149d02kfj\gradle-5.5\lib\gradle-launcher-5.5.jar
Launcher Type: SUN_STANDARD

Environment Variables:
JAVA_HOME=C:\Program Files\Java\jdk1.8.0_221
CLASSPATH=.;
PATH=C:\Python27\;C:\Python27\Scripts;C:\windows\system32;C:\windows;C:\windows\System32\Wbem;C:\windows\System32\WindowsPowerShell\v1.0\;C:\windows\System32\OpenSSH\;C:\Program Files (x86)\NVIDIA Corporation\PhysX\Common;C:\Program Files (x86)\Yarn\bin\;C:\ProgramData\chocolatey\bin;C:\Program Files\nodejs\;C:\Program Files\Java\jdk1.8.0_221\bin;C:\Program Files\Git\cmd;C:\ProgramData\ComposerSetup\bin;C:\Users\erick\AppData\Local\Microsoft\WindowsApps;C:\Users\erick\AppData\Local\Programs\Microsoft VS Code\bin;C:\Users\erick\AppData\Local\Yarn\bin;C:\Users\erick\AppData\Roaming\npm;c:\Users\erick\AppData\Local\Android\Sdk\platform-tools;C:\wamp64\bin\php\php7.3.5;C:\Users\erick\AppData\Roaming\Composer\vendor\bin
USERNAME=erick
OS=Windows_NT
PROCESSOR_IDENTIFIER=AMD64 Family 23 Model 8 Stepping 2, AuthenticAMD



---------------  S Y S T E M  ---------------

OS: Windows 10.0 , 64 bit Build 17134 (10.0.17134.753)

CPU:total 12 (initial active 12) (12 cores per cpu, 1 threads per core) family 23 model 8 stepping 2, cmov, cx8, fxsr, mmx, sse, sse2, sse3, ssse3, sse4.1, sse4.2, popcnt, avx, avx2, aes, clmul, mmxext, 3dnowpref, lzcnt, sse4a, tsc, tscinvbit, tscinv, bmi1

Memory: 4k page, physical 8301556k(1495672k free), swap 23769200k(5332k free)

vm_info: OpenJDK 64-Bit Server VM (25.202-b03) for windows-amd64 JRE (1.8.0_202-release-1483-b03), built by "builder" with MS VC++ 10.0 (VS2010)

time: Tue Oct 01 12:46:47 2019
timezone: Paris, Madrid (heure d’été)
elapsed time: 6 seconds (0d 0h 0m 6s)

