Looking for git in: /usr/local/bin/git
Using git 2.23.0 from /usr/local/bin/git
> git rev-parse --show-toplevel
> git rev-parse --git-dir
> git config --get commit.template
Open repository: /Users/erickson/Desktop/react-native/hachibi-mobile
> git status -z -u
> git symbolic-ref --short HEAD
> git rev-parse notification
> git rev-parse --symbolic-full-name notification@{u}
> git rev-list --left-right notification...refs/remotes/origin/notification
> git for-each-ref --format %(refname) %(objectname) --sort -committerdate
> git remote --verbose
> git show :ios/fastlane/Fastfile
> git ls-files --stage -- ios/fastlane/
> git check-ignore -v -z --stdin
> git status -z -u
> git symbolic-ref --short HEAD
> git rev-parse notification
> git rev-parse --symbolic-full-name notification@{u}
> git rev-list --left-right notification...refs/remotes/origin/notification
> git for-each-ref --format %(refname) %(objectname) --sort -committerdate
> git remote --verbose
> git status -z -u
> git symbolic-ref --short HEAD
> git rev-parse notification
> git rev-parse --symbolic-full-name notification@{u}
> git rev-list --left-right notification...refs/remotes/origin/notification
> git for-each-ref --format %(refname) %(objectname) --sort -committerdate
> git remote --verbose
> git status -z -u
> git symbolic-ref --short HEAD
> git rev-parse notification
> git rev-parse --symbolic-full-name notification@{u}
> git rev-list --left-right notification...refs/remotes/origin/notification
> git for-each-ref --format %(refname) %(objectname) --sort -committerdate
> git remote --verbose
