#
# There is insufficient memory for the Java Runtime Environment to continue.
# Native memory allocation (malloc) failed to allocate 1567136 bytes for Chunk::new
# Possible reasons:
#   The system is out of physical RAM or swap space
#   The process is running with CompressedOops enabled, and the Java Heap may be blocking the growth of the native heap
# Possible solutions:
#   Reduce memory load on the system
#   Increase physical memory or swap space
#   Check if swap backing store is full
#   Decrease Java heap size (-Xmx/-Xms)
#   Decrease number of Java threads
#   Decrease Java thread stack sizes (-Xss)
#   Set larger code cache with -XX:ReservedCodeCacheSize=
#   JVM is running with Unscaled Compressed Oops mode in which the Java heap is
#     placed in the first 4GB address space. The Java Heap base address is the
#     maximum limit for the native heap growth. Please use -XX:HeapBaseMinAddress
#     to set the Java Heap base and to place the Java Heap above 4GB virtual address.
# This output file may be truncated or incomplete.
#
#  Out of Memory Error (allocation.cpp:389), pid=7344, tid=0x0000000000004398
#
# JRE version: OpenJDK Runtime Environment (8.0_202-b03) (build 1.8.0_202-release-1483-b03)
# Java VM: OpenJDK 64-Bit Server VM (25.202-b03 mixed mode windows-amd64 compressed oops)
# Failed to write core dump. Minidumps are not enabled by default on client versions of Windows
#

---------------  T H R E A D  ---------------

Current thread (0x00000000162e8800):  JavaThread "C2 CompilerThread0" daemon [_thread_in_native, id=17304, stack(0x0000000017960000,0x0000000017a60000)]

Stack: [0x0000000017960000,0x0000000017a60000]
[error occurred during error reporting (printing stack bounds), id 0xc0000005]

Native frames: (J=compiled Java code, j=interpreted, Vv=VM code, C=native code)


Current CompileTask:
C2:   2717 2044       4       groovy.lang.MetaClassImpl$1MOPIter::methodNameAction (325 bytes)


---------------  P R O C E S S  ---------------

Java Threads: ( => current thread )
  0x0000000019690800 JavaThread "Cache worker for file hash cache (C:\Users\erick\OneDrive\Bureau\react-native\AppHachibid\android\.gradle\5.5\fileHashes)" [_thread_blocked, id=11224, stack(0x000000001e2a0000,0x000000001e3a0000)]
  0x0000000019695000 JavaThread "Cache worker for journal cache (C:\Users\erick\.gradle\caches\journal-1)" [_thread_blocked, id=12036, stack(0x000000001bcb0000,0x000000001bdb0000)]
  0x0000000019692000 JavaThread "File lock request listener" [_thread_in_native, id=16516, stack(0x000000001bbb0000,0x000000001bcb0000)]
  0x00000000195f9800 JavaThread "Cache worker for file hash cache (C:\Users\erick\.gradle\caches\5.5\fileHashes)" [_thread_blocked, id=14168, stack(0x000000001bab0000,0x000000001bbb0000)]
  0x000000001929c800 JavaThread "Thread-9" [_thread_blocked, id=9056, stack(0x000000001a9e0000,0x000000001aae0000)]
  0x0000000019286800 JavaThread "Stdin handler" [_thread_blocked, id=17052, stack(0x000000001a8e0000,0x000000001a9e0000)]
  0x0000000019283000 JavaThread "Asynchronous log dispatcher for DefaultDaemonConnection: socket connection from /127.0.0.1:64943 to /127.0.0.1:64944" [_thread_blocked, id=10788, stack(0x000000001a7e0000,0x000000001a8e0000)]
  0x0000000019282000 JavaThread "Daemon worker" [_thread_in_native, id=12532, stack(0x000000001a6e0000,0x000000001a7e0000)]
  0x000000001927f800 JavaThread "Cancel handler" [_thread_blocked, id=9536, stack(0x000000001a4e0000,0x000000001a5e0000)]
  0x0000000019440800 JavaThread "Handler for socket connection from /127.0.0.1:64943 to /127.0.0.1:64944" [_thread_in_native, id=6756, stack(0x000000001a1e0000,0x000000001a2e0000)]
  0x000000001943e000 JavaThread "Daemon" [_thread_blocked, id=3884, stack(0x000000001a0e0000,0x000000001a1e0000)]
  0x000000001943a800 JavaThread "Daemon periodic checks" [_thread_blocked, id=17856, stack(0x0000000019fe0000,0x000000001a0e0000)]
  0x0000000019426800 JavaThread "Incoming local TCP Connector on port 64943" [_thread_in_native, id=4720, stack(0x0000000019d70000,0x0000000019e70000)]
  0x0000000019496000 JavaThread "Daemon health stats" [_thread_blocked, id=13384, stack(0x0000000019730000,0x0000000019830000)]
  0x0000000016381800 JavaThread "Service Thread" daemon [_thread_blocked, id=6712, stack(0x0000000017d60000,0x0000000017e60000)]
  0x00000000162e1000 JavaThread "C1 CompilerThread3" daemon [_thread_blocked, id=10740, stack(0x0000000017c60000,0x0000000017d60000)]
  0x00000000162eb000 JavaThread "C2 CompilerThread2" daemon [_thread_blocked, id=8704, stack(0x0000000017b60000,0x0000000017c60000)]
  0x00000000162de000 JavaThread "C2 CompilerThread1" daemon [_thread_blocked, id=9448, stack(0x0000000017a60000,0x0000000017b60000)]
=>0x00000000162e8800 JavaThread "C2 CompilerThread0" daemon [_thread_in_native, id=17304, stack(0x0000000017960000,0x0000000017a60000)]
  0x00000000162e6800 JavaThread "Attach Listener" daemon [_thread_blocked, id=12968, stack(0x0000000017860000,0x0000000017960000)]
  0x00000000162e5800 JavaThread "Signal Dispatcher" daemon [_thread_blocked, id=13928, stack(0x0000000017760000,0x0000000017860000)]
  0x000000000322a800 JavaThread "Finalizer" daemon [_thread_blocked, id=12356, stack(0x0000000017540000,0x0000000017640000)]
  0x00000000162d3000 JavaThread "Reference Handler" daemon [_thread_blocked, id=17156, stack(0x0000000017440000,0x0000000017540000)]
  0x000000000128e000 JavaThread "main" [_thread_blocked, id=14588, stack(0x0000000002f50000,0x0000000003050000)]

Other Threads:
  0x0000000014be6800 VMThread [stack: 0x0000000017340000,0x0000000017440000] [id=8884]
  0x0000000016382000 WatcherThread [stack: 0x0000000017e60000,0x0000000017f60000] [id=1916]

VM state:not at safepoint (normal execution)

VM Mutex/Monitor currently owned by a thread: None

heap address: 0x00000000e0000000, size: 512 MB, Compressed Oops mode: 32-bit
Narrow klass base: 0x0000000000000000, Narrow klass shift: 3
Compressed class space size: 1073741824 Address: 0x0000000100000000

Heap:
 PSYoungGen      total 76288K, used 46789K [0x00000000f5580000, 0x00000000fea80000, 0x0000000100000000)
  eden space 65536K, 71% used [0x00000000f5580000,0x00000000f8331678,0x00000000f9580000)
  from space 10752K, 0% used [0x00000000f9580000,0x00000000f9580000,0x00000000fa000000)
  to   space 10752K, 0% used [0x00000000fe000000,0x00000000fe000000,0x00000000fea80000)
 ParOldGen       total 175104K, used 11535K [0x00000000e0000000, 0x00000000eab00000, 0x00000000f5580000)
  object space 175104K, 6% used [0x00000000e0000000,0x00000000e0b43dc8,0x00000000eab00000)
 Metaspace       used 26643K, capacity 27214K, committed 27520K, reserved 1073152K
  class space    used 3522K, capacity 3705K, committed 3712K, reserved 1048576K

Card table byte_map: [0x00000000125f0000,0x0000000012700000] byte_map_base: 0x0000000011ef0000

Marking Bits: (ParMarkBitMap*) 0x0000000064ce9f30
 Begin Bits: [0x0000000013100000, 0x0000000013900000)
 End Bits:   [0x0000000013900000, 0x0000000014100000)

Polling page: 0x0000000000dd0000

CodeCache: size=245760Kb used=8393Kb max_used=8412Kb free=237366Kb
 bounds [0x0000000003230000, 0x0000000003a70000, 0x0000000012230000]
 total_blobs=2760 nmethods=2092 adapters=582
 compilation: enabled

Compilation events (10 events):
Event: 2.558 Thread 0x00000000162de000 nmethod 2039 0x0000000003a4e510 code [0x0000000003a4e660, 0x0000000003a4e798]
Event: 2.558 Thread 0x00000000162de000 2020       4       org.codehaus.groovy.runtime.metaclass.MetaMethodIndex::addMethodToList (298 bytes)
Event: 2.561 Thread 0x00000000162eb000 nmethod 1891 0x0000000003a52050 code [0x0000000003a52cc0, 0x0000000003a5a368]
Event: 2.562 Thread 0x00000000162eb000 2073  s    4       java.lang.StringBuffer::append (13 bytes)
Event: 2.566 Thread 0x00000000162eb000 nmethod 2073 0x0000000003a4f3d0 code [0x0000000003a4f520, 0x0000000003a4fbd8]
Event: 2.566 Thread 0x00000000162eb000 2090       4       groovy.lang.MetaMethod::isPrivate (15 bytes)
Event: 2.567 Thread 0x00000000162eb000 nmethod 2090 0x0000000003a06890 code [0x0000000003a069c0, 0x0000000003a06a38]
Event: 2.567 Thread 0x00000000162eb000 2056       4       java.lang.String::toCharArray (25 bytes)
Event: 2.567 Thread 0x00000000162eb000 nmethod 2056 0x0000000003a4f090 code [0x0000000003a4f1e0, 0x0000000003a4f318]
Event: 2.574 Thread 0x00000000162de000 nmethod 2020 0x0000000003a2e450 code [0x0000000003a2e740, 0x0000000003a2f900]

GC Heap History (8 events):
Event: 0.932 GC heap before
{Heap before GC invocations=1 (full 0):
 PSYoungGen      total 76288K, used 65536K [0x00000000f5580000, 0x00000000faa80000, 0x0000000100000000)
  eden space 65536K, 100% used [0x00000000f5580000,0x00000000f9580000,0x00000000f9580000)
  from space 10752K, 0% used [0x00000000fa000000,0x00000000fa000000,0x00000000faa80000)
  to   space 10752K, 0% used [0x00000000f9580000,0x00000000f9580000,0x00000000fa000000)
 ParOldGen       total 175104K, used 0K [0x00000000e0000000, 0x00000000eab00000, 0x00000000f5580000)
  object space 175104K, 0% used [0x00000000e0000000,0x00000000e0000000,0x00000000eab00000)
 Metaspace       used 7796K, capacity 8134K, committed 8320K, reserved 1056768K
  class space    used 1001K, capacity 1081K, committed 1152K, reserved 1048576K
Event: 0.939 GC heap after
Heap after GC invocations=1 (full 0):
 PSYoungGen      total 76288K, used 6391K [0x00000000f5580000, 0x00000000faa80000, 0x0000000100000000)
  eden space 65536K, 0% used [0x00000000f5580000,0x00000000f5580000,0x00000000f9580000)
  from space 10752K, 59% used [0x00000000f9580000,0x00000000f9bbdea8,0x00000000fa000000)
  to   space 10752K, 0% used [0x00000000fa000000,0x00000000fa000000,0x00000000faa80000)
 ParOldGen       total 175104K, used 16K [0x00000000e0000000, 0x00000000eab00000, 0x00000000f5580000)
  object space 175104K, 0% used [0x00000000e0000000,0x00000000e0004000,0x00000000eab00000)
 Metaspace       used 7796K, capacity 8134K, committed 8320K, reserved 1056768K
  class space    used 1001K, capacity 1081K, committed 1152K, reserved 1048576K
}
Event: 1.653 GC heap before
{Heap before GC invocations=2 (full 0):
 PSYoungGen      total 76288K, used 71927K [0x00000000f5580000, 0x00000000faa80000, 0x0000000100000000)
  eden space 65536K, 100% used [0x00000000f5580000,0x00000000f9580000,0x00000000f9580000)
  from space 10752K, 59% used [0x00000000f9580000,0x00000000f9bbdea8,0x00000000fa000000)
  to   space 10752K, 0% used [0x00000000fa000000,0x00000000fa000000,0x00000000faa80000)
 ParOldGen       total 175104K, used 16K [0x00000000e0000000, 0x00000000eab00000, 0x00000000f5580000)
  object space 175104K, 0% used [0x00000000e0000000,0x00000000e0004000,0x00000000eab00000)
 Metaspace       used 14943K, capacity 15344K, committed 15616K, reserved 1062912K
  class space    used 2122K, capacity 2258K, committed 2304K, reserved 1048576K
Event: 1.663 GC heap after
Heap after GC invocations=2 (full 0):
 PSYoungGen      total 76288K, used 9701K [0x00000000f5580000, 0x00000000faa80000, 0x0000000100000000)
  eden space 65536K, 0% used [0x00000000f5580000,0x00000000f5580000,0x00000000f9580000)
  from space 10752K, 90% used [0x00000000fa000000,0x00000000fa979660,0x00000000faa80000)
  to   space 10752K, 0% used [0x00000000f9580000,0x00000000f9580000,0x00000000fa000000)
 ParOldGen       total 175104K, used 24K [0x00000000e0000000, 0x00000000eab00000, 0x00000000f5580000)
  object space 175104K, 0% used [0x00000000e0000000,0x00000000e0006000,0x00000000eab00000)
 Metaspace       used 14943K, capacity 15344K, committed 15616K, reserved 1062912K
  class space    used 2122K, capacity 2258K, committed 2304K, reserved 1048576K
}
Event: 2.063 GC heap before
{Heap before GC invocations=3 (full 0):
 PSYoungGen      total 76288K, used 65103K [0x00000000f5580000, 0x00000000faa80000, 0x0000000100000000)
  eden space 65536K, 84% used [0x00000000f5580000,0x00000000f8b9a5d0,0x00000000f9580000)
  from space 10752K, 90% used [0x00000000fa000000,0x00000000fa979660,0x00000000faa80000)
  to   space 10752K, 0% used [0x00000000f9580000,0x00000000f9580000,0x00000000fa000000)
 ParOldGen       total 175104K, used 24K [0x00000000e0000000, 0x00000000eab00000, 0x00000000f5580000)
  object space 175104K, 0% used [0x00000000e0000000,0x00000000e0006000,0x00000000eab00000)
 Metaspace       used 20653K, capacity 21116K, committed 21248K, reserved 1067008K
  class space    used 2917K, capacity 3066K, committed 3072K, reserved 1048576K
Event: 2.072 GC heap after
Heap after GC invocations=3 (full 0):
 PSYoungGen      total 76288K, used 10729K [0x00000000f5580000, 0x00000000fea80000, 0x0000000100000000)
  eden space 65536K, 0% used [0x00000000f5580000,0x00000000f5580000,0x00000000f9580000)
  from space 10752K, 99% used [0x00000000f9580000,0x00000000f9ffa578,0x00000000fa000000)
  to   space 10752K, 0% used [0x00000000fe000000,0x00000000fe000000,0x00000000fea80000)
 ParOldGen       total 175104K, used 1296K [0x00000000e0000000, 0x00000000eab00000, 0x00000000f5580000)
  object space 175104K, 0% used [0x00000000e0000000,0x00000000e0144278,0x00000000eab00000)
 Metaspace       used 20653K, capacity 21116K, committed 21248K, reserved 1067008K
  class space    used 2917K, capacity 3066K, committed 3072K, reserved 1048576K
}
Event: 2.072 GC heap before
{Heap before GC invocations=4 (full 1):
 PSYoungGen      total 76288K, used 10729K [0x00000000f5580000, 0x00000000fea80000, 0x0000000100000000)
  eden space 65536K, 0% used [0x00000000f5580000,0x00000000f5580000,0x00000000f9580000)
  from space 10752K, 99% used [0x00000000f9580000,0x00000000f9ffa578,0x00000000fa000000)
  to   space 10752K, 0% used [0x00000000fe000000,0x00000000fe000000,0x00000000fea80000)
 ParOldGen       total 175104K, used 1296K [0x00000000e0000000, 0x00000000eab00000, 0x00000000f5580000)
  object space 175104K, 0% used [0x00000000e0000000,0x00000000e0144278,0x00000000eab00000)
 Metaspace       used 20653K, capacity 21116K, committed 21248K, reserved 1067008K
  class space    used 2917K, capacity 3066K, committed 3072K, reserved 1048576K
Event: 2.097 GC heap after
Heap after GC invocations=4 (full 1):
 PSYoungGen      total 76288K, used 0K [0x00000000f5580000, 0x00000000fea80000, 0x0000000100000000)
  eden space 65536K, 0% used [0x00000000f5580000,0x00000000f5580000,0x00000000f9580000)
  from space 10752K, 0% used [0x00000000f9580000,0x00000000f9580000,0x00000000fa000000)
  to   space 10752K, 0% used [0x00000000fe000000,0x00000000fe000000,0x00000000fea80000)
 ParOldGen       total 175104K, used 11535K [0x00000000e0000000, 0x00000000eab00000, 0x00000000f5580000)
  object space 175104K, 6% used [0x00000000e0000000,0x00000000e0b43dc8,0x00000000eab00000)
 Metaspace       used 20653K, capacity 21116K, committed 21248K, reserved 1067008K
  class space    used 2917K, capacity 3066K, committed 3072K, reserved 1048576K
}

Deoptimization events (10 events):
Event: 1.868 Thread 0x0000000019282000 Uncommon trap: reason=unstable_if action=reinterpret pc=0x0000000003483d38 method=java.net.URI.match(CJJ)Z @ 19
Event: 1.917 Thread 0x0000000019282000 Uncommon trap: reason=unstable_if action=reinterpret pc=0x00000000034e9300 method=java.io.File.getName()Ljava/lang/String; @ 16
Event: 2.261 Thread 0x0000000019282000 Uncommon trap: reason=class_check action=maybe_recompile pc=0x000000000380bc44 method=sun.misc.URLClassPath.getLoader(I)Lsun/misc/URLClassPath$Loader; @ 94
Event: 2.261 Thread 0x0000000019282000 Uncommon trap: reason=class_check action=maybe_recompile pc=0x00000000037882f4 method=sun.misc.URLClassPath.getResource(Ljava/lang/String;Z)Lsun/misc/Resource; @ 62
Event: 2.261 Thread 0x0000000019282000 Uncommon trap: reason=unstable_if action=reinterpret pc=0x0000000003813bd4 method=java.lang.String.regionMatches(ZILjava/lang/String;II)Z @ 41
Event: 2.262 Thread 0x0000000019282000 Uncommon trap: reason=unstable_if action=reinterpret pc=0x00000000036d246c method=java.lang.ClassLoader.getClassLoadingLock(Ljava/lang/String;)Ljava/lang/Object; @ 6
Event: 2.274 Thread 0x0000000019282000 Uncommon trap: reason=class_check action=maybe_recompile pc=0x000000000380bcec method=sun.misc.URLClassPath.getLoader(I)Lsun/misc/URLClassPath$Loader; @ 239
Event: 2.281 Thread 0x0000000019282000 Uncommon trap: reason=class_check action=maybe_recompile pc=0x000000000380bcec method=sun.misc.URLClassPath.getLoader(I)Lsun/misc/URLClassPath$Loader; @ 239
Event: 2.387 Thread 0x0000000019282000 Uncommon trap: reason=class_check action=maybe_recompile pc=0x000000000380bc44 method=sun.misc.URLClassPath.getLoader(I)Lsun/misc/URLClassPath$Loader; @ 94
Event: 2.390 Thread 0x0000000019282000 Uncommon trap: reason=class_check action=maybe_recompile pc=0x0000000003811870 method=sun.misc.URLClassPath.getLoader(I)Lsun/misc/URLClassPath$Loader; @ 239

Classes redefined (0 events):
No events

Internal exceptions (10 events):
Event: 2.453 Thread 0x0000000019282000 Exception <a 'java/lang/ClassNotFoundException': java/io/InputStreamReaderBeanInfo> (0x00000000f80531c8) thrown at [D:\src\AOSP-openjdk-cygwin\jdk8u\hotspot\src\share\vm\classfile\systemDictionary.cpp, line 210]
Event: 2.453 Thread 0x0000000019282000 Exception <a 'java/lang/ClassNotFoundException': java/io/ReaderBeanInfo> (0x00000000f8056740) thrown at [D:\src\AOSP-openjdk-cygwin\jdk8u\hotspot\src\share\vm\classfile\systemDictionary.cpp, line 210]
Event: 2.454 Thread 0x0000000019282000 Exception <a 'java/lang/ClassNotFoundException': java/io/ReaderCustomizer> (0x00000000f8059d30) thrown at [D:\src\AOSP-openjdk-cygwin\jdk8u\hotspot\src\share\vm\classfile\systemDictionary.cpp, line 210]
Event: 2.454 Thread 0x0000000019282000 Exception <a 'java/lang/ClassNotFoundException': java/io/InputStreamReaderCustomizer> (0x00000000f8062060) thrown at [D:\src\AOSP-openjdk-cygwin\jdk8u\hotspot\src\share\vm\classfile\systemDictionary.cpp, line 210]
Event: 2.455 Thread 0x0000000019282000 Exception <a 'java/lang/ClassNotFoundException': java/io/BufferedReaderBeanInfo> (0x00000000f8085fc8) thrown at [D:\src\AOSP-openjdk-cygwin\jdk8u\hotspot\src\share\vm\classfile\systemDictionary.cpp, line 210]
Event: 2.455 Thread 0x0000000019282000 Exception <a 'java/lang/ClassNotFoundException': java/io/BufferedReaderCustomizer> (0x00000000f8089680) thrown at [D:\src\AOSP-openjdk-cygwin\jdk8u\hotspot\src\share\vm\classfile\systemDictionary.cpp, line 210]
Event: 2.458 Thread 0x0000000019282000 Exception <a 'java/lang/ClassNotFoundException': java/lang/StringBufferBeanInfo> (0x00000000f819a968) thrown at [D:\src\AOSP-openjdk-cygwin\jdk8u\hotspot\src\share\vm\classfile\systemDictionary.cpp, line 210]
Event: 2.458 Thread 0x0000000019282000 Exception <a 'java/lang/ClassNotFoundException': java/lang/AbstractStringBuilderBeanInfo> (0x00000000f819e1c0) thrown at [D:\src\AOSP-openjdk-cygwin\jdk8u\hotspot\src\share\vm\classfile\systemDictionary.cpp, line 210]
Event: 2.458 Thread 0x0000000019282000 Exception <a 'java/lang/ClassNotFoundException': java/lang/AbstractStringBuilderCustomizer> (0x00000000f81a1a50) thrown at [D:\src\AOSP-openjdk-cygwin\jdk8u\hotspot\src\share\vm\classfile\systemDictionary.cpp, line 210]
Event: 2.461 Thread 0x0000000019282000 Exception <a 'java/lang/ClassNotFoundException': java/lang/StringBufferCustomizer> (0x00000000f8235508) thrown at [D:\src\AOSP-openjdk-cygwin\jdk8u\hotspot\src\share\vm\classfile\systemDictionary.cpp, line 210]

Events (10 events):
Event: 2.458 loading class java/lang/AbstractStringBuilderCustomizer
Event: 2.458 loading class java/lang/AbstractStringBuilderCustomizer done
Event: 2.458 loading class java/lang/AbstractStringBuilderCustomizer
Event: 2.458 loading class java/lang/AbstractStringBuilderCustomizer done
Event: 2.461 loading class java/lang/StringBufferCustomizer
Event: 2.461 loading class java/lang/StringBufferCustomizer done
Event: 2.461 loading class java/lang/StringBufferCustomizer
Event: 2.461 loading class java/lang/StringBufferCustomizer done
Event: 2.462 loading class groovy/lang/GroovyRuntimeException
Event: 2.462 loading class groovy/lang/GroovyRuntimeException done


Dynamic libraries:
0x00007ff62d560000 - 0x00007ff62d591000 	C:\Program Files\Android\Android Studio\jre\bin\java.exe
0x00007ffe7b080000 - 0x00007ffe7b261000 	C:\windows\SYSTEM32\ntdll.dll
0x00007ffe7a9f0000 - 0x00007ffe7aaa1000 	C:\windows\System32\KERNEL32.DLL
0x00007ffe775c0000 - 0x00007ffe77833000 	C:\windows\System32\KERNELBASE.dll
0x00007ffe78cc0000 - 0x00007ffe78d61000 	C:\windows\System32\ADVAPI32.dll
0x00007ffe7a950000 - 0x00007ffe7a9ee000 	C:\windows\System32\msvcrt.dll
0x00007ffe7aff0000 - 0x00007ffe7b04b000 	C:\windows\System32\sechost.dll
0x00007ffe78990000 - 0x00007ffe78ab4000 	C:\windows\System32\RPCRT4.dll
0x00007ffe78ef0000 - 0x00007ffe79080000 	C:\windows\System32\USER32.dll
0x00007ffe77440000 - 0x00007ffe77460000 	C:\windows\System32\win32u.dll
0x00007ffe79290000 - 0x00007ffe792b8000 	C:\windows\System32\GDI32.dll
0x00007ffe78360000 - 0x00007ffe784f1000 	C:\windows\System32\gdi32full.dll
0x00007ffe77840000 - 0x00007ffe778df000 	C:\windows\System32\msvcp_win.dll
0x00007ffe774c0000 - 0x00007ffe775b8000 	C:\windows\System32\ucrtbase.dll
0x00007ffe66120000 - 0x00007ffe66389000 	C:\windows\WinSxS\amd64_microsoft.windows.common-controls_6595b64144ccf1df_6.0.17134.1006_none_d3fbb8f77c940c3f\COMCTL32.dll
0x00007ffe78560000 - 0x00007ffe78881000 	C:\windows\System32\combase.dll
0x00007ffe78230000 - 0x00007ffe782a9000 	C:\windows\System32\bcryptPrimitives.dll
0x00007ffe7af10000 - 0x00007ffe7af3d000 	C:\windows\System32\IMM32.DLL
0x0000000064440000 - 0x0000000064512000 	C:\Program Files\Android\Android Studio\jre\jre\bin\msvcr100.dll
0x0000000064520000 - 0x0000000064d66000 	C:\Program Files\Android\Android Studio\jre\jre\bin\server\jvm.dll
0x00007ffe7a850000 - 0x00007ffe7a858000 	C:\windows\System32\PSAPI.DLL
0x00007ffe74fe0000 - 0x00007ffe74fe9000 	C:\windows\SYSTEM32\WSOCK32.dll
0x00007ffe732a0000 - 0x00007ffe732c3000 	C:\windows\SYSTEM32\WINMM.dll
0x00007ffe7a7e0000 - 0x00007ffe7a84c000 	C:\windows\System32\WS2_32.dll
0x00007ffe717c0000 - 0x00007ffe717ca000 	C:\windows\SYSTEM32\VERSION.dll
0x00007ffe73270000 - 0x00007ffe7329a000 	C:\windows\SYSTEM32\WINMMBASE.dll
0x00007ffe778e0000 - 0x00007ffe77929000 	C:\windows\System32\cfgmgr32.dll
0x00007ffe73230000 - 0x00007ffe7323f000 	C:\Program Files\Android\Android Studio\jre\jre\bin\verify.dll
0x00007ffe6bb40000 - 0x00007ffe6bb69000 	C:\Program Files\Android\Android Studio\jre\jre\bin\java.dll
0x00007ffe633b0000 - 0x00007ffe633c6000 	C:\Program Files\Android\Android Studio\jre\jre\bin\zip.dll
0x00007ffe79390000 - 0x00007ffe7a7d2000 	C:\windows\System32\SHELL32.dll
0x00007ffe7af40000 - 0x00007ffe7afe9000 	C:\windows\System32\shcore.dll
0x00007ffe77b20000 - 0x00007ffe7822e000 	C:\windows\System32\windows.storage.dll
0x00007ffe78500000 - 0x00007ffe78551000 	C:\windows\System32\shlwapi.dll
0x00007ffe77410000 - 0x00007ffe77421000 	C:\windows\System32\kernel.appcore.dll
0x00007ffe773a0000 - 0x00007ffe773bf000 	C:\windows\System32\profapi.dll
0x00007ffe773c0000 - 0x00007ffe7740c000 	C:\windows\System32\powrprof.dll
0x00007ffe77430000 - 0x00007ffe7743a000 	C:\windows\System32\FLTLIB.DLL
0x00007ffe5f850000 - 0x00007ffe5f86a000 	C:\Program Files\Android\Android Studio\jre\jre\bin\net.dll
0x00007ffe76c00000 - 0x00007ffe76c66000 	C:\windows\system32\mswsock.dll
0x00007ffe5f1c0000 - 0x00007ffe5f1d1000 	C:\Program Files\Android\Android Studio\jre\jre\bin\nio.dll
0x00007ffe59aa0000 - 0x00007ffe59ac6000 	C:\Users\erick\.gradle\native\29\windows-amd64\native-platform.dll
0x00007ffe72d30000 - 0x00007ffe72d3d000 	C:\Program Files\Android\Android Studio\jre\jre\bin\management.dll
0x00007ffe76db0000 - 0x00007ffe76dc7000 	C:\windows\SYSTEM32\CRYPTSP.dll
0x00007ffe767b0000 - 0x00007ffe767e3000 	C:\windows\system32\rsaenh.dll
0x00007ffe76ee0000 - 0x00007ffe76f05000 	C:\windows\SYSTEM32\bcrypt.dll
0x00007ffe772b0000 - 0x00007ffe772d8000 	C:\windows\SYSTEM32\USERENV.dll
0x00007ffe76dd0000 - 0x00007ffe76ddb000 	C:\windows\SYSTEM32\CRYPTBASE.dll
0x00007ffe76950000 - 0x00007ffe76988000 	C:\windows\SYSTEM32\IPHLPAPI.DLL
0x00007ffe7aab0000 - 0x00007ffe7aab8000 	C:\windows\System32\NSI.dll
0x00007ffe71c40000 - 0x00007ffe71c56000 	C:\windows\SYSTEM32\dhcpcsvc6.DLL
0x00007ffe71cd0000 - 0x00007ffe71cea000 	C:\windows\SYSTEM32\dhcpcsvc.DLL

VM Arguments:
jvm_args: -XX:MaxMetaspaceSize=256m -XX:+HeapDumpOnOutOfMemoryError -Xms256m -Xmx512m -Dfile.encoding=windows-1252 -Duser.country=FR -Duser.language=fr -Duser.variant 
java_command: org.gradle.launcher.daemon.bootstrap.GradleDaemon 5.5
java_class_path (initial): C:\Users\erick\.gradle\wrapper\dists\gradle-5.5-all\byeise1led9a3w3p149d02kfj\gradle-5.5\lib\gradle-launcher-5.5.jar
Launcher Type: SUN_STANDARD

Environment Variables:
JAVA_HOME=C:\Program Files\Java\jdk1.8.0_221
CLASSPATH=.;
PATH=C:\Python27\;C:\Python27\Scripts;C:\windows\system32;C:\windows;C:\windows\System32\Wbem;C:\windows\System32\WindowsPowerShell\v1.0\;C:\windows\System32\OpenSSH\;C:\Program Files (x86)\NVIDIA Corporation\PhysX\Common;C:\Program Files (x86)\Yarn\bin\;C:\ProgramData\chocolatey\bin;C:\Program Files\nodejs\;C:\Program Files\Java\jdk1.8.0_221\bin;C:\Program Files\Git\cmd;C:\ProgramData\ComposerSetup\bin;C:\Users\erick\AppData\Local\Microsoft\WindowsApps;C:\Users\erick\AppData\Local\Programs\Microsoft VS Code\bin;C:\Users\erick\AppData\Local\Yarn\bin;C:\Users\erick\AppData\Roaming\npm;c:\Users\erick\AppData\Local\Android\Sdk\platform-tools;C:\wamp64\bin\php\php7.3.5;C:\Users\erick\AppData\Roaming\Composer\vendor\bin
USERNAME=erick
OS=Windows_NT
PROCESSOR_IDENTIFIER=AMD64 Family 23 Model 8 Stepping 2, AuthenticAMD



---------------  S Y S T E M  ---------------

OS: Windows 10.0 , 64 bit Build 17134 (10.0.17134.753)

CPU:total 12 (initial active 12) (12 cores per cpu, 1 threads per core) family 23 model 8 stepping 2, cmov, cx8, fxsr, mmx, sse, sse2, sse3, ssse3, sse4.1, sse4.2, popcnt, avx, avx2, aes, clmul, mmxext, 3dnowpref, lzcnt, sse4a, tsc, tscinvbit, tscinv, bmi1

Memory: 4k page, physical 8301556k(1518952k free), swap 23769200k(6336k free)

vm_info: OpenJDK 64-Bit Server VM (25.202-b03) for windows-amd64 JRE (1.8.0_202-release-1483-b03), built by "builder" with MS VC++ 10.0 (VS2010)

time: Tue Oct 01 12:47:48 2019
timezone: Paris, Madrid (heure d’été)
elapsed time: 2 seconds (0d 0h 0m 2s)

